Coalescing Next:140286828101840 with 140286828101792
!!!!!Coalescing!!!!!
Before Coalescing

!!!!!Header Stats!!!!!
Address:140286828101840	Next:0	Prev:0	Size:48

!!!!!Header Stats!!!!!
Address:140286828101792	Next:140286828101720	Prev:140286828101648	Size:48

After Coalescing

!!!!!Footer Stats!!!!!
Address:140286828101880	Footer Size:96

Coalescing Previous:140286828101792 with 140286828101888
!!!!!Coalescing!!!!!
Before Coalescing

!!!!!Header Stats!!!!!
Address:140286828101792	Next:0	Prev:0	Size:96

!!!!!Header Stats!!!!!
Address:140286828101888	Next:0	Prev:0	Size:40

After Coalescing

!!!!!Footer Stats!!!!!
Address:140286828101920	Footer Size:136

Coalescing Next:140286828101928 with 140286828101792
!!!!!Coalescing!!!!!
Before Coalescing

!!!!!Header Stats!!!!!
Address:140286828101928	Next:0	Prev:0	Size:64

!!!!!Header Stats!!!!!
Address:140286828101792	Next:0	Prev:0	Size:136

After Coalescing

!!!!!Footer Stats!!!!!
Address:140286828101984	Footer Size:200

Coalescing Previous:140286828101680 with 140286828101720
!!!!!Coalescing!!!!!
Before Coalescing

!!!!!Header Stats!!!!!
Address:140286828101680	Next:0	Prev:0	Size:40

!!!!!Header Stats!!!!!
Address:140286828101720	Next:0	Prev:0	Size:72

After Coalescing

!!!!!Footer Stats!!!!!
Address:140286828101784	Footer Size:112

Coalescing Next:140286828101792 with 140286828101680
!!!!!Coalescing!!!!!
Before Coalescing

!!!!!Header Stats!!!!!
Address:140286828101792	Next:0	Prev:0	Size:200

!!!!!Header Stats!!!!!
Address:140286828101680	Next:0	Prev:0	Size:112

After Coalescing

!!!!!Footer Stats!!!!!
Address:140286828101984	Footer Size:312

