
!!!!!Header Stats!!!!!
Address:38240368	Next:38240328	Prev:38240256	Size:40

!!!!!Footer Stats!!!!!
Address:38240400	Footer Size:40
Total Size:40	Aligned Size:8
BinId 0 for Size 8

!!!!!Header Stats!!!!!
Address:38240288	Next:38240408	Prev:38240328	Size:40

!!!!!Footer Stats!!!!!
Address:38240320	Footer Size:40
Total Size:40	Aligned Size:8
BinId 0 for Size 8

!!!!!Header Stats!!!!!
Address:38240408	Next:38240328	Prev:38240464	Size:56

!!!!!Footer Stats!!!!!
Address:38240456	Footer Size:56
Total Size:96	Aligned Size:64
BinId 3 for Size 64

!!!!!Header Stats!!!!!
Address:59211888	Next:59211848	Prev:59211776	Size:40

!!!!!Footer Stats!!!!!
Address:59211920	Footer Size:40
Total Size:40	Aligned Size:8
BinId 0 for Size 8

!!!!!Header Stats!!!!!
Address:59211808	Next:59211928	Prev:59211848	Size:40

!!!!!Footer Stats!!!!!
Address:59211840	Footer Size:40
Total Size:40	Aligned Size:8
BinId 0 for Size 8

!!!!!Header Stats!!!!!
Address:59211928	Next:59211848	Prev:59211984	Size:56

!!!!!Footer Stats!!!!!
Address:59211976	Footer Size:56
Total Size:96	Aligned Size:64
BinId 3 for Size 64
