Total Size:120	Aligned Size:88
BinId 4 for Size 88
Block Divisible Status:32

!!!!!Header Stats!!!!!
Address:41418784	Next:0	Prev:0	Size:120

!!!!!Footer Stats!!!!!
Address:41418896	Footer Size:120
Requested Size:56

!!!!!Header Stats!!!!!
Address:41418784	Next:0	Prev:0	Size:57

!!!!!Footer Stats!!!!!
Address:41418832	Footer Size:57

<-----Broken Block----->

!!!!!Header Stats!!!!!
Address:41418840	Next:0	Prev:0	Size:64

!!!!!Footer Stats!!!!!
Address:41418896	Footer Size:64
Total Size:120	Aligned Size:88
BinId 4 for Size 88
Block Divisible Status:32

!!!!!Header Stats!!!!!
Address:20447264	Next:0	Prev:0	Size:120

!!!!!Footer Stats!!!!!
Address:20447376	Footer Size:120
Requested Size:56

!!!!!Header Stats!!!!!
Address:20447264	Next:0	Prev:0	Size:57

!!!!!Footer Stats!!!!!
Address:20447312	Footer Size:57

<-----Broken Block----->

!!!!!Header Stats!!!!!
Address:20447320	Next:0	Prev:0	Size:64

!!!!!Footer Stats!!!!!
Address:20447376	Footer Size:64
