MALLOC REQUEST for 1
MALLOC REQUEST for 515
MALLOC REQUEST for 300
Malloc Hit for binId 7
Current Size:552	Requested Size:336	,Remaining Size+Overhead:184
Total Size:552	Aligned Size:520
BinId 7 for Size 520
Block to be freed should be in Bin:7	139871505170520
Only block in the bin.Emptying bin
Block Divisible Status:184

!!!!!Header Stats!!!!!
Address:139871505170520	Next:0	Prev:0	Size:552

!!!!!Footer Stats!!!!!
Address:139871505171064	Footer Size:552
Requested Size:336

!!!!!Header Stats!!!!!
Address:139871505170520	Next:0	Prev:0	Size:337

!!!!!Footer Stats!!!!!
Address:139871505170848	Footer Size:337

<-----Broken Block----->

!!!!!Header Stats!!!!!
Address:139871505170856	Next:0	Prev:0	Size:216

!!!!!Footer Stats!!!!!
Address:139871505171064	Footer Size:216
